<?xml version="1.0" encoding="UTF-8"?>
<testng-results skipped="0" failed="0" ignored="0" total="1" passed="1">
  <reporter-output>
  </reporter-output>
  <suite name="Suite1" duration-ms="1339" started-at="2018-05-22T10:57:08Z" finished-at="2018-05-22T10:57:10Z">
    <groups>
      <group name="cucumber">
        <method signature="AbstractTestNGCucumberTests.feature(cucumber.api.testng.CucumberFeatureWrapper)[pri:0, instance:CukeRunner@72d818d1]" name="feature" class="cucumber.api.testng.AbstractTestNGCucumberTests"/>
      </group> <!-- cucumber -->
    </groups>
    <test name="New Account" duration-ms="1339" started-at="2018-05-22T10:57:08Z" finished-at="2018-05-22T10:57:10Z">
      <class name="CukeRunner">
        <test-method status="PASS" signature="setUpClass()[pri:0, instance:CukeRunner@72d818d1]" name="setUpClass" is-config="true" duration-ms="280" started-at="2018-05-22T10:57:08Z" finished-at="2018-05-22T10:57:09Z">
          <reporter-output>
          </reporter-output>
        </test-method> <!-- setUpClass -->
        <test-method status="PASS" signature="feature(cucumber.api.testng.CucumberFeatureWrapper)[pri:0, instance:CukeRunner@72d818d1]" name="feature" duration-ms="443" started-at="2018-05-22T10:57:09Z" description="Runs Cucumber Feature" data-provider="features" finished-at="2018-05-22T10:57:09Z">
          <params>
            <param index="0">
              <value>
                <![CDATA[New Account]]>
              </value>
            </param>
          </params>
          <reporter-output>
          </reporter-output>
        </test-method> <!-- feature -->
        <test-method status="PASS" signature="tearDownClass()[pri:0, instance:CukeRunner@72d818d1]" name="tearDownClass" is-config="true" duration-ms="490" started-at="2018-05-22T10:57:09Z" finished-at="2018-05-22T10:57:10Z">
          <reporter-output>
          </reporter-output>
        </test-method> <!-- tearDownClass -->
      </class> <!-- CukeRunner -->
    </test> <!-- New Account -->
  </suite> <!-- Suite1 -->
</testng-results>
